2022-12-07 19:32:17.562  INFO 316 --- [scheduling-1] com.example.BD.Manager                   : At generateAndSendToEachRecipient
2022-12-07 19:32:17.575  INFO 316 --- [scheduling-1] com.example.BD.FileRecipientExtractor    : in extractRecipientsList
2022-12-07 19:32:17.586  WARN 316 --- [scheduling-1] i.InstanceMetadataServiceResourceFetcher : Fail to retrieve token 

com.amazonaws.SdkClientException: Failed to connect to service endpoint: 
	at com.amazonaws.internal.EC2ResourceFetcher.doReadResource(EC2ResourceFetcher.java:100) ~[aws-java-sdk-core-1.12.341.jar:na]
	at com.amazonaws.internal.InstanceMetadataServiceResourceFetcher.getToken(InstanceMetadataServiceResourceFetcher.java:91) ~[aws-java-sdk-core-1.12.341.jar:na]
	at com.amazonaws.internal.InstanceMetadataServiceResourceFetcher.readResource(InstanceMetadataServiceResourceFetcher.java:69) ~[aws-java-sdk-core-1.12.341.jar:na]
	at com.amazonaws.internal.EC2ResourceFetcher.readResource(EC2ResourceFetcher.java:66) ~[aws-java-sdk-core-1.12.341.jar:na]
	at com.amazonaws.auth.InstanceMetadataServiceCredentialsFetcher.getCredentialsEndpoint(InstanceMetadataServiceCredentialsFetcher.java:60) ~[aws-java-sdk-core-1.12.341.jar:na]
	at com.amazonaws.auth.InstanceMetadataServiceCredentialsFetcher.getCredentialsResponse(InstanceMetadataServiceCredentialsFetcher.java:48) ~[aws-java-sdk-core-1.12.341.jar:na]
	at com.amazonaws.auth.BaseCredentialsFetcher.fetchCredentials(BaseCredentialsFetcher.java:124) ~[aws-java-sdk-core-1.12.341.jar:na]
	at com.amazonaws.auth.BaseCredentialsFetcher.getCredentials(BaseCredentialsFetcher.java:80) ~[aws-java-sdk-core-1.12.341.jar:na]
	at com.amazonaws.auth.InstanceProfileCredentialsProvider.getCredentials(InstanceProfileCredentialsProvider.java:166) ~[aws-java-sdk-core-1.12.341.jar:na]
	at com.amazonaws.auth.EC2ContainerCredentialsProviderWrapper.getCredentials(EC2ContainerCredentialsProviderWrapper.java:75) ~[aws-java-sdk-core-1.12.341.jar:na]
	at com.amazonaws.auth.AWSCredentialsProviderChain.getCredentials(AWSCredentialsProviderChain.java:117) ~[aws-java-sdk-core-1.12.341.jar:na]
	at com.amazonaws.services.s3.S3CredentialsProviderChain.getCredentials(S3CredentialsProviderChain.java:36) ~[aws-java-sdk-s3-1.12.341.jar:na]
	at com.amazonaws.http.AmazonHttpClient$RequestExecutor.getCredentialsFromContext(AmazonHttpClient.java:1269) ~[aws-java-sdk-core-1.12.341.jar:na]
	at com.amazonaws.http.AmazonHttpClient$RequestExecutor.runBeforeRequestHandlers(AmazonHttpClient.java:845) ~[aws-java-sdk-core-1.12.341.jar:na]
	at com.amazonaws.http.AmazonHttpClient$RequestExecutor.doExecute(AmazonHttpClient.java:794) ~[aws-java-sdk-core-1.12.341.jar:na]
	at com.amazonaws.http.AmazonHttpClient$RequestExecutor.executeWithTimer(AmazonHttpClient.java:781) ~[aws-java-sdk-core-1.12.341.jar:na]
	at com.amazonaws.http.AmazonHttpClient$RequestExecutor.execute(AmazonHttpClient.java:755) ~[aws-java-sdk-core-1.12.341.jar:na]
	at com.amazonaws.http.AmazonHttpClient$RequestExecutor.access$500(AmazonHttpClient.java:715) ~[aws-java-sdk-core-1.12.341.jar:na]
	at com.amazonaws.http.AmazonHttpClient$RequestExecutionBuilderImpl.execute(AmazonHttpClient.java:697) ~[aws-java-sdk-core-1.12.341.jar:na]
	at com.amazonaws.http.AmazonHttpClient.execute(AmazonHttpClient.java:561) ~[aws-java-sdk-core-1.12.341.jar:na]
	at com.amazonaws.http.AmazonHttpClient.execute(AmazonHttpClient.java:541) ~[aws-java-sdk-core-1.12.341.jar:na]
	at com.amazonaws.services.s3.AmazonS3Client.invoke(AmazonS3Client.java:5456) ~[aws-java-sdk-s3-1.12.341.jar:na]
	at com.amazonaws.services.s3.AmazonS3Client.invoke(AmazonS3Client.java:5403) ~[aws-java-sdk-s3-1.12.341.jar:na]
	at com.amazonaws.services.s3.AmazonS3Client.getObject(AmazonS3Client.java:1524) ~[aws-java-sdk-s3-1.12.341.jar:na]
	at com.amazonaws.services.s3.AmazonS3Client.getObject(AmazonS3Client.java:1378) ~[aws-java-sdk-s3-1.12.341.jar:na]
	at com.example.BD.FileRecipientExtractor.extractRecipientsList(FileRecipientExtractor.java:55) ~[main/:na]
	at com.example.BD.FileRecipientExtractor.getCelebratorsList(FileRecipientExtractor.java:69) ~[main/:na]
	at com.example.BD.Manager.generateAndSendToEachRecipient(Manager.java:33) ~[main/:na]
	at com.example.BD.GreetingController.runProgramUsingScheduling(GreetingController.java:36) ~[main/:na]
	at java.base/jdk.internal.reflect.NativeMethodAccessorImpl.invoke0(Native Method) ~[na:na]
	at java.base/jdk.internal.reflect.NativeMethodAccessorImpl.invoke(NativeMethodAccessorImpl.java:77) ~[na:na]
	at java.base/jdk.internal.reflect.DelegatingMethodAccessorImpl.invoke(DelegatingMethodAccessorImpl.java:43) ~[na:na]
	at java.base/java.lang.reflect.Method.invoke(Method.java:568) ~[na:na]
	at org.springframework.scheduling.support.ScheduledMethodRunnable.run(ScheduledMethodRunnable.java:84) ~[spring-context-5.3.23.jar:5.3.23]
	at org.springframework.scheduling.support.DelegatingErrorHandlingRunnable.run(DelegatingErrorHandlingRunnable.java:54) ~[spring-context-5.3.23.jar:5.3.23]
	at org.springframework.scheduling.concurrent.ReschedulingRunnable.run(ReschedulingRunnable.java:95) ~[spring-context-5.3.23.jar:5.3.23]
	at java.base/java.util.concurrent.Executors$RunnableAdapter.call(Executors.java:539) ~[na:na]
	at java.base/java.util.concurrent.FutureTask.run(FutureTask.java:264) ~[na:na]
	at java.base/java.util.concurrent.ScheduledThreadPoolExecutor$ScheduledFutureTask.run(ScheduledThreadPoolExecutor.java:304) ~[na:na]
	at java.base/java.util.concurrent.ThreadPoolExecutor.runWorker(ThreadPoolExecutor.java:1136) ~[na:na]
	at java.base/java.util.concurrent.ThreadPoolExecutor$Worker.run(ThreadPoolExecutor.java:635) ~[na:na]
	at java.base/java.lang.Thread.run(Thread.java:833) ~[na:na]
Caused by: java.net.NoRouteToHostException: No route to host: no further information
	at java.base/sun.nio.ch.Net.pollConnect(Native Method) ~[na:na]
	at java.base/sun.nio.ch.Net.pollConnectNow(Net.java:672) ~[na:na]
	at java.base/sun.nio.ch.NioSocketImpl.timedFinishConnect(NioSocketImpl.java:542) ~[na:na]
	at java.base/sun.nio.ch.NioSocketImpl.connect(NioSocketImpl.java:597) ~[na:na]
	at java.base/java.net.Socket.connect(Socket.java:633) ~[na:na]
	at java.base/sun.net.NetworkClient.doConnect(NetworkClient.java:178) ~[na:na]
	at java.base/sun.net.www.http.HttpClient.openServer(HttpClient.java:532) ~[na:na]
	at java.base/sun.net.www.http.HttpClient.openServer(HttpClient.java:637) ~[na:na]
	at java.base/sun.net.www.http.HttpClient.<init>(HttpClient.java:280) ~[na:na]
	at java.base/sun.net.www.http.HttpClient.New(HttpClient.java:385) ~[na:na]
	at java.base/sun.net.www.http.HttpClient.New(HttpClient.java:407) ~[na:na]
	at java.base/sun.net.www.protocol.http.HttpURLConnection.getNewHttpClient(HttpURLConnection.java:1309) ~[na:na]
	at java.base/sun.net.www.protocol.http.HttpURLConnection.plainConnect0(HttpURLConnection.java:1287) ~[na:na]
	at java.base/sun.net.www.protocol.http.HttpURLConnection.plainConnect(HttpURLConnection.java:1128) ~[na:na]
	at java.base/sun.net.www.protocol.http.HttpURLConnection.connect(HttpURLConnection.java:1057) ~[na:na]
	at com.amazonaws.internal.ConnectionUtils.connectToEndpoint(ConnectionUtils.java:95) ~[aws-java-sdk-core-1.12.341.jar:na]
	at com.amazonaws.internal.EC2ResourceFetcher.doReadResource(EC2ResourceFetcher.java:80) ~[aws-java-sdk-core-1.12.341.jar:na]
	... 41 common frames omitted

2022-12-07 19:32:17.593  WARN 316 --- [scheduling-1] i.InstanceMetadataServiceResourceFetcher : Fail to retrieve token 

com.amazonaws.SdkClientException: Failed to connect to service endpoint: 
	at com.amazonaws.internal.EC2ResourceFetcher.doReadResource(EC2ResourceFetcher.java:100) ~[aws-java-sdk-core-1.12.341.jar:na]
	at com.amazonaws.internal.InstanceMetadataServiceResourceFetcher.getToken(InstanceMetadataServiceResourceFetcher.java:91) ~[aws-java-sdk-core-1.12.341.jar:na]
	at com.amazonaws.internal.InstanceMetadataServiceResourceFetcher.readResource(InstanceMetadataServiceResourceFetcher.java:69) ~[aws-java-sdk-core-1.12.341.jar:na]
	at com.amazonaws.internal.EC2ResourceFetcher.readResource(EC2ResourceFetcher.java:66) ~[aws-java-sdk-core-1.12.341.jar:na]
	at com.amazonaws.auth.InstanceMetadataServiceCredentialsFetcher.getCredentialsEndpoint(InstanceMetadataServiceCredentialsFetcher.java:60) ~[aws-java-sdk-core-1.12.341.jar:na]
	at com.amazonaws.auth.InstanceMetadataServiceCredentialsFetcher.getCredentialsResponse(InstanceMetadataServiceCredentialsFetcher.java:48) ~[aws-java-sdk-core-1.12.341.jar:na]
	at com.amazonaws.auth.BaseCredentialsFetcher.fetchCredentials(BaseCredentialsFetcher.java:124) ~[aws-java-sdk-core-1.12.341.jar:na]
	at com.amazonaws.auth.BaseCredentialsFetcher.getCredentials(BaseCredentialsFetcher.java:80) ~[aws-java-sdk-core-1.12.341.jar:na]
	at com.amazonaws.auth.InstanceProfileCredentialsProvider.getCredentials(InstanceProfileCredentialsProvider.java:166) ~[aws-java-sdk-core-1.12.341.jar:na]
	at com.amazonaws.auth.EC2ContainerCredentialsProviderWrapper.getCredentials(EC2ContainerCredentialsProviderWrapper.java:75) ~[aws-java-sdk-core-1.12.341.jar:na]
	at com.amazonaws.auth.AWSCredentialsProviderChain.getCredentials(AWSCredentialsProviderChain.java:117) ~[aws-java-sdk-core-1.12.341.jar:na]
	at com.amazonaws.services.s3.S3CredentialsProviderChain.getCredentials(S3CredentialsProviderChain.java:36) ~[aws-java-sdk-s3-1.12.341.jar:na]
	at com.amazonaws.http.AmazonHttpClient$RequestExecutor.getCredentialsFromContext(AmazonHttpClient.java:1269) ~[aws-java-sdk-core-1.12.341.jar:na]
	at com.amazonaws.http.AmazonHttpClient$RequestExecutor.executeOneRequest(AmazonHttpClient.java:1290) ~[aws-java-sdk-core-1.12.341.jar:na]
	at com.amazonaws.http.AmazonHttpClient$RequestExecutor.executeHelper(AmazonHttpClient.java:1157) ~[aws-java-sdk-core-1.12.341.jar:na]
	at com.amazonaws.http.AmazonHttpClient$RequestExecutor.doExecute(AmazonHttpClient.java:814) ~[aws-java-sdk-core-1.12.341.jar:na]
	at com.amazonaws.http.AmazonHttpClient$RequestExecutor.executeWithTimer(AmazonHttpClient.java:781) ~[aws-java-sdk-core-1.12.341.jar:na]
	at com.amazonaws.http.AmazonHttpClient$RequestExecutor.execute(AmazonHttpClient.java:755) ~[aws-java-sdk-core-1.12.341.jar:na]
	at com.amazonaws.http.AmazonHttpClient$RequestExecutor.access$500(AmazonHttpClient.java:715) ~[aws-java-sdk-core-1.12.341.jar:na]
	at com.amazonaws.http.AmazonHttpClient$RequestExecutionBuilderImpl.execute(AmazonHttpClient.java:697) ~[aws-java-sdk-core-1.12.341.jar:na]
	at com.amazonaws.http.AmazonHttpClient.execute(AmazonHttpClient.java:561) ~[aws-java-sdk-core-1.12.341.jar:na]
	at com.amazonaws.http.AmazonHttpClient.execute(AmazonHttpClient.java:541) ~[aws-java-sdk-core-1.12.341.jar:na]
	at com.amazonaws.services.s3.AmazonS3Client.invoke(AmazonS3Client.java:5456) ~[aws-java-sdk-s3-1.12.341.jar:na]
	at com.amazonaws.services.s3.AmazonS3Client.invoke(AmazonS3Client.java:5403) ~[aws-java-sdk-s3-1.12.341.jar:na]
	at com.amazonaws.services.s3.AmazonS3Client.getObject(AmazonS3Client.java:1524) ~[aws-java-sdk-s3-1.12.341.jar:na]
	at com.amazonaws.services.s3.AmazonS3Client.getObject(AmazonS3Client.java:1378) ~[aws-java-sdk-s3-1.12.341.jar:na]
	at com.example.BD.FileRecipientExtractor.extractRecipientsList(FileRecipientExtractor.java:55) ~[main/:na]
	at com.example.BD.FileRecipientExtractor.getCelebratorsList(FileRecipientExtractor.java:69) ~[main/:na]
	at com.example.BD.Manager.generateAndSendToEachRecipient(Manager.java:33) ~[main/:na]
	at com.example.BD.GreetingController.runProgramUsingScheduling(GreetingController.java:36) ~[main/:na]
	at java.base/jdk.internal.reflect.NativeMethodAccessorImpl.invoke0(Native Method) ~[na:na]
	at java.base/jdk.internal.reflect.NativeMethodAccessorImpl.invoke(NativeMethodAccessorImpl.java:77) ~[na:na]
	at java.base/jdk.internal.reflect.DelegatingMethodAccessorImpl.invoke(DelegatingMethodAccessorImpl.java:43) ~[na:na]
	at java.base/java.lang.reflect.Method.invoke(Method.java:568) ~[na:na]
	at org.springframework.scheduling.support.ScheduledMethodRunnable.run(ScheduledMethodRunnable.java:84) ~[spring-context-5.3.23.jar:5.3.23]
	at org.springframework.scheduling.support.DelegatingErrorHandlingRunnable.run(DelegatingErrorHandlingRunnable.java:54) ~[spring-context-5.3.23.jar:5.3.23]
	at org.springframework.scheduling.concurrent.ReschedulingRunnable.run(ReschedulingRunnable.java:95) ~[spring-context-5.3.23.jar:5.3.23]
	at java.base/java.util.concurrent.Executors$RunnableAdapter.call(Executors.java:539) ~[na:na]
	at java.base/java.util.concurrent.FutureTask.run(FutureTask.java:264) ~[na:na]
	at java.base/java.util.concurrent.ScheduledThreadPoolExecutor$ScheduledFutureTask.run(ScheduledThreadPoolExecutor.java:304) ~[na:na]
	at java.base/java.util.concurrent.ThreadPoolExecutor.runWorker(ThreadPoolExecutor.java:1136) ~[na:na]
	at java.base/java.util.concurrent.ThreadPoolExecutor$Worker.run(ThreadPoolExecutor.java:635) ~[na:na]
	at java.base/java.lang.Thread.run(Thread.java:833) ~[na:na]
Caused by: java.net.NoRouteToHostException: No route to host: no further information
	at java.base/sun.nio.ch.Net.pollConnect(Native Method) ~[na:na]
	at java.base/sun.nio.ch.Net.pollConnectNow(Net.java:672) ~[na:na]
	at java.base/sun.nio.ch.NioSocketImpl.timedFinishConnect(NioSocketImpl.java:542) ~[na:na]
	at java.base/sun.nio.ch.NioSocketImpl.connect(NioSocketImpl.java:597) ~[na:na]
	at java.base/java.net.Socket.connect(Socket.java:633) ~[na:na]
	at java.base/sun.net.NetworkClient.doConnect(NetworkClient.java:178) ~[na:na]
	at java.base/sun.net.www.http.HttpClient.openServer(HttpClient.java:532) ~[na:na]
	at java.base/sun.net.www.http.HttpClient.openServer(HttpClient.java:637) ~[na:na]
	at java.base/sun.net.www.http.HttpClient.<init>(HttpClient.java:280) ~[na:na]
	at java.base/sun.net.www.http.HttpClient.New(HttpClient.java:385) ~[na:na]
	at java.base/sun.net.www.http.HttpClient.New(HttpClient.java:407) ~[na:na]
	at java.base/sun.net.www.protocol.http.HttpURLConnection.getNewHttpClient(HttpURLConnection.java:1309) ~[na:na]
	at java.base/sun.net.www.protocol.http.HttpURLConnection.plainConnect0(HttpURLConnection.java:1287) ~[na:na]
	at java.base/sun.net.www.protocol.http.HttpURLConnection.plainConnect(HttpURLConnection.java:1128) ~[na:na]
	at java.base/sun.net.www.protocol.http.HttpURLConnection.connect(HttpURLConnection.java:1057) ~[na:na]
	at com.amazonaws.internal.ConnectionUtils.connectToEndpoint(ConnectionUtils.java:95) ~[aws-java-sdk-core-1.12.341.jar:na]
	at com.amazonaws.internal.EC2ResourceFetcher.doReadResource(EC2ResourceFetcher.java:80) ~[aws-java-sdk-core-1.12.341.jar:na]
	... 42 common frames omitted

2022-12-07 19:32:18.398  WARN 316 --- [scheduling-1] i.InstanceMetadataServiceResourceFetcher : Fail to retrieve token 

com.amazonaws.SdkClientException: Failed to connect to service endpoint: 
	at com.amazonaws.internal.EC2ResourceFetcher.doReadResource(EC2ResourceFetcher.java:100) ~[aws-java-sdk-core-1.12.341.jar:na]
	at com.amazonaws.internal.InstanceMetadataServiceResourceFetcher.getToken(InstanceMetadataServiceResourceFetcher.java:91) ~[aws-java-sdk-core-1.12.341.jar:na]
	at com.amazonaws.internal.InstanceMetadataServiceResourceFetcher.readResource(InstanceMetadataServiceResourceFetcher.java:69) ~[aws-java-sdk-core-1.12.341.jar:na]
	at com.amazonaws.internal.EC2ResourceFetcher.readResource(EC2ResourceFetcher.java:66) ~[aws-java-sdk-core-1.12.341.jar:na]
	at com.amazonaws.auth.InstanceMetadataServiceCredentialsFetcher.getCredentialsEndpoint(InstanceMetadataServiceCredentialsFetcher.java:60) ~[aws-java-sdk-core-1.12.341.jar:na]
	at com.amazonaws.auth.InstanceMetadataServiceCredentialsFetcher.getCredentialsResponse(InstanceMetadataServiceCredentialsFetcher.java:48) ~[aws-java-sdk-core-1.12.341.jar:na]
	at com.amazonaws.auth.BaseCredentialsFetcher.fetchCredentials(BaseCredentialsFetcher.java:124) ~[aws-java-sdk-core-1.12.341.jar:na]
	at com.amazonaws.auth.BaseCredentialsFetcher.getCredentials(BaseCredentialsFetcher.java:80) ~[aws-java-sdk-core-1.12.341.jar:na]
	at com.amazonaws.auth.InstanceProfileCredentialsProvider.getCredentials(InstanceProfileCredentialsProvider.java:166) ~[aws-java-sdk-core-1.12.341.jar:na]
	at com.amazonaws.auth.EC2ContainerCredentialsProviderWrapper.getCredentials(EC2ContainerCredentialsProviderWrapper.java:75) ~[aws-java-sdk-core-1.12.341.jar:na]
	at com.amazonaws.auth.AWSCredentialsProviderChain.getCredentials(AWSCredentialsProviderChain.java:117) ~[aws-java-sdk-core-1.12.341.jar:na]
	at com.amazonaws.services.s3.S3CredentialsProviderChain.getCredentials(S3CredentialsProviderChain.java:36) ~[aws-java-sdk-s3-1.12.341.jar:na]
	at com.amazonaws.http.AmazonHttpClient$RequestExecutor.getCredentialsFromContext(AmazonHttpClient.java:1269) ~[aws-java-sdk-core-1.12.341.jar:na]
	at com.amazonaws.http.AmazonHttpClient$RequestExecutor.executeOneRequest(AmazonHttpClient.java:1290) ~[aws-java-sdk-core-1.12.341.jar:na]
	at com.amazonaws.http.AmazonHttpClient$RequestExecutor.executeHelper(AmazonHttpClient.java:1157) ~[aws-java-sdk-core-1.12.341.jar:na]
	at com.amazonaws.http.AmazonHttpClient$RequestExecutor.doExecute(AmazonHttpClient.java:814) ~[aws-java-sdk-core-1.12.341.jar:na]
	at com.amazonaws.http.AmazonHttpClient$RequestExecutor.executeWithTimer(AmazonHttpClient.java:781) ~[aws-java-sdk-core-1.12.341.jar:na]
	at com.amazonaws.http.AmazonHttpClient$RequestExecutor.execute(AmazonHttpClient.java:755) ~[aws-java-sdk-core-1.12.341.jar:na]
	at com.amazonaws.http.AmazonHttpClient$RequestExecutor.access$500(AmazonHttpClient.java:715) ~[aws-java-sdk-core-1.12.341.jar:na]
	at com.amazonaws.http.AmazonHttpClient$RequestExecutionBuilderImpl.execute(AmazonHttpClient.java:697) ~[aws-java-sdk-core-1.12.341.jar:na]
	at com.amazonaws.http.AmazonHttpClient.execute(AmazonHttpClient.java:561) ~[aws-java-sdk-core-1.12.341.jar:na]
	at com.amazonaws.http.AmazonHttpClient.execute(AmazonHttpClient.java:541) ~[aws-java-sdk-core-1.12.341.jar:na]
	at com.amazonaws.services.s3.AmazonS3Client.invoke(AmazonS3Client.java:5456) ~[aws-java-sdk-s3-1.12.341.jar:na]
	at com.amazonaws.services.s3.AmazonS3Client.invoke(AmazonS3Client.java:5403) ~[aws-java-sdk-s3-1.12.341.jar:na]
	at com.amazonaws.services.s3.AmazonS3Client.getObject(AmazonS3Client.java:1524) ~[aws-java-sdk-s3-1.12.341.jar:na]
	at com.amazonaws.services.s3.AmazonS3Client.getObject(AmazonS3Client.java:1378) ~[aws-java-sdk-s3-1.12.341.jar:na]
	at com.example.BD.FileRecipientExtractor.extractRecipientsList(FileRecipientExtractor.java:55) ~[main/:na]
	at com.example.BD.FileRecipientExtractor.getCelebratorsList(FileRecipientExtractor.java:69) ~[main/:na]
	at com.example.BD.Manager.generateAndSendToEachRecipient(Manager.java:33) ~[main/:na]
	at com.example.BD.GreetingController.runProgramUsingScheduling(GreetingController.java:36) ~[main/:na]
	at java.base/jdk.internal.reflect.NativeMethodAccessorImpl.invoke0(Native Method) ~[na:na]
	at java.base/jdk.internal.reflect.NativeMethodAccessorImpl.invoke(NativeMethodAccessorImpl.java:77) ~[na:na]
	at java.base/jdk.internal.reflect.DelegatingMethodAccessorImpl.invoke(DelegatingMethodAccessorImpl.java:43) ~[na:na]
	at java.base/java.lang.reflect.Method.invoke(Method.java:568) ~[na:na]
	at org.springframework.scheduling.support.ScheduledMethodRunnable.run(ScheduledMethodRunnable.java:84) ~[spring-context-5.3.23.jar:5.3.23]
	at org.springframework.scheduling.support.DelegatingErrorHandlingRunnable.run(DelegatingErrorHandlingRunnable.java:54) ~[spring-context-5.3.23.jar:5.3.23]
	at org.springframework.scheduling.concurrent.ReschedulingRunnable.run(ReschedulingRunnable.java:95) ~[spring-context-5.3.23.jar:5.3.23]
	at java.base/java.util.concurrent.Executors$RunnableAdapter.call(Executors.java:539) ~[na:na]
	at java.base/java.util.concurrent.FutureTask.run(FutureTask.java:264) ~[na:na]
	at java.base/java.util.concurrent.ScheduledThreadPoolExecutor$ScheduledFutureTask.run(ScheduledThreadPoolExecutor.java:304) ~[na:na]
	at java.base/java.util.concurrent.ThreadPoolExecutor.runWorker(ThreadPoolExecutor.java:1136) ~[na:na]
	at java.base/java.util.concurrent.ThreadPoolExecutor$Worker.run(ThreadPoolExecutor.java:635) ~[na:na]
	at java.base/java.lang.Thread.run(Thread.java:833) ~[na:na]
Caused by: java.net.SocketException: Network is unreachable: no further information
	at java.base/sun.nio.ch.Net.pollConnect(Native Method) ~[na:na]
	at java.base/sun.nio.ch.Net.pollConnectNow(Net.java:672) ~[na:na]
	at java.base/sun.nio.ch.NioSocketImpl.timedFinishConnect(NioSocketImpl.java:542) ~[na:na]
	at java.base/sun.nio.ch.NioSocketImpl.connect(NioSocketImpl.java:597) ~[na:na]
	at java.base/java.net.Socket.connect(Socket.java:633) ~[na:na]
	at java.base/sun.net.NetworkClient.doConnect(NetworkClient.java:178) ~[na:na]
	at java.base/sun.net.www.http.HttpClient.openServer(HttpClient.java:532) ~[na:na]
	at java.base/sun.net.www.http.HttpClient.openServer(HttpClient.java:637) ~[na:na]
	at java.base/sun.net.www.http.HttpClient.<init>(HttpClient.java:280) ~[na:na]
	at java.base/sun.net.www.http.HttpClient.New(HttpClient.java:385) ~[na:na]
	at java.base/sun.net.www.http.HttpClient.New(HttpClient.java:407) ~[na:na]
	at java.base/sun.net.www.protocol.http.HttpURLConnection.getNewHttpClient(HttpURLConnection.java:1309) ~[na:na]
	at java.base/sun.net.www.protocol.http.HttpURLConnection.plainConnect0(HttpURLConnection.java:1287) ~[na:na]
	at java.base/sun.net.www.protocol.http.HttpURLConnection.plainConnect(HttpURLConnection.java:1128) ~[na:na]
	at java.base/sun.net.www.protocol.http.HttpURLConnection.connect(HttpURLConnection.java:1057) ~[na:na]
	at com.amazonaws.internal.ConnectionUtils.connectToEndpoint(ConnectionUtils.java:95) ~[aws-java-sdk-core-1.12.341.jar:na]
	at com.amazonaws.internal.EC2ResourceFetcher.doReadResource(EC2ResourceFetcher.java:80) ~[aws-java-sdk-core-1.12.341.jar:na]
	... 42 common frames omitted

2022-12-07 19:32:18.500  WARN 316 --- [scheduling-1] i.InstanceMetadataServiceResourceFetcher : Fail to retrieve token 

com.amazonaws.SdkClientException: Failed to connect to service endpoint: 
	at com.amazonaws.internal.EC2ResourceFetcher.doReadResource(EC2ResourceFetcher.java:100) ~[aws-java-sdk-core-1.12.341.jar:na]
	at com.amazonaws.internal.InstanceMetadataServiceResourceFetcher.getToken(InstanceMetadataServiceResourceFetcher.java:91) ~[aws-java-sdk-core-1.12.341.jar:na]
	at com.amazonaws.internal.InstanceMetadataServiceResourceFetcher.readResource(InstanceMetadataServiceResourceFetcher.java:69) ~[aws-java-sdk-core-1.12.341.jar:na]
	at com.amazonaws.internal.EC2ResourceFetcher.readResource(EC2ResourceFetcher.java:66) ~[aws-java-sdk-core-1.12.341.jar:na]
	at com.amazonaws.auth.InstanceMetadataServiceCredentialsFetcher.getCredentialsEndpoint(InstanceMetadataServiceCredentialsFetcher.java:60) ~[aws-java-sdk-core-1.12.341.jar:na]
	at com.amazonaws.auth.InstanceMetadataServiceCredentialsFetcher.getCredentialsResponse(InstanceMetadataServiceCredentialsFetcher.java:48) ~[aws-java-sdk-core-1.12.341.jar:na]
	at com.amazonaws.auth.BaseCredentialsFetcher.fetchCredentials(BaseCredentialsFetcher.java:124) ~[aws-java-sdk-core-1.12.341.jar:na]
	at com.amazonaws.auth.BaseCredentialsFetcher.getCredentials(BaseCredentialsFetcher.java:80) ~[aws-java-sdk-core-1.12.341.jar:na]
	at com.amazonaws.auth.InstanceProfileCredentialsProvider.getCredentials(InstanceProfileCredentialsProvider.java:166) ~[aws-java-sdk-core-1.12.341.jar:na]
	at com.amazonaws.auth.EC2ContainerCredentialsProviderWrapper.getCredentials(EC2ContainerCredentialsProviderWrapper.java:75) ~[aws-java-sdk-core-1.12.341.jar:na]
	at com.amazonaws.auth.AWSCredentialsProviderChain.getCredentials(AWSCredentialsProviderChain.java:117) ~[aws-java-sdk-core-1.12.341.jar:na]
	at com.amazonaws.services.s3.S3CredentialsProviderChain.getCredentials(S3CredentialsProviderChain.java:36) ~[aws-java-sdk-s3-1.12.341.jar:na]
	at com.amazonaws.http.AmazonHttpClient$RequestExecutor.getCredentialsFromContext(AmazonHttpClient.java:1269) ~[aws-java-sdk-core-1.12.341.jar:na]
	at com.amazonaws.http.AmazonHttpClient$RequestExecutor.executeOneRequest(AmazonHttpClient.java:1290) ~[aws-java-sdk-core-1.12.341.jar:na]
	at com.amazonaws.http.AmazonHttpClient$RequestExecutor.executeHelper(AmazonHttpClient.java:1157) ~[aws-java-sdk-core-1.12.341.jar:na]
	at com.amazonaws.http.AmazonHttpClient$RequestExecutor.doExecute(AmazonHttpClient.java:814) ~[aws-java-sdk-core-1.12.341.jar:na]
	at com.amazonaws.http.AmazonHttpClient$RequestExecutor.executeWithTimer(AmazonHttpClient.java:781) ~[aws-java-sdk-core-1.12.341.jar:na]
	at com.amazonaws.http.AmazonHttpClient$RequestExecutor.execute(AmazonHttpClient.java:755) ~[aws-java-sdk-core-1.12.341.jar:na]
	at com.amazonaws.http.AmazonHttpClient$RequestExecutor.access$500(AmazonHttpClient.java:715) ~[aws-java-sdk-core-1.12.341.jar:na]
	at com.amazonaws.http.AmazonHttpClient$RequestExecutionBuilderImpl.execute(AmazonHttpClient.java:697) ~[aws-java-sdk-core-1.12.341.jar:na]
	at com.amazonaws.http.AmazonHttpClient.execute(AmazonHttpClient.java:561) ~[aws-java-sdk-core-1.12.341.jar:na]
	at com.amazonaws.http.AmazonHttpClient.execute(AmazonHttpClient.java:541) ~[aws-java-sdk-core-1.12.341.jar:na]
	at com.amazonaws.services.s3.AmazonS3Client.invoke(AmazonS3Client.java:5456) ~[aws-java-sdk-s3-1.12.341.jar:na]
	at com.amazonaws.services.s3.AmazonS3Client.invoke(AmazonS3Client.java:5403) ~[aws-java-sdk-s3-1.12.341.jar:na]
	at com.amazonaws.services.s3.AmazonS3Client.getObject(AmazonS3Client.java:1524) ~[aws-java-sdk-s3-1.12.341.jar:na]
	at com.amazonaws.services.s3.AmazonS3Client.getObject(AmazonS3Client.java:1378) ~[aws-java-sdk-s3-1.12.341.jar:na]
	at com.example.BD.FileRecipientExtractor.extractRecipientsList(FileRecipientExtractor.java:55) ~[main/:na]
	at com.example.BD.FileRecipientExtractor.getCelebratorsList(FileRecipientExtractor.java:69) ~[main/:na]
	at com.example.BD.Manager.generateAndSendToEachRecipient(Manager.java:33) ~[main/:na]
	at com.example.BD.GreetingController.runProgramUsingScheduling(GreetingController.java:36) ~[main/:na]
	at java.base/jdk.internal.reflect.NativeMethodAccessorImpl.invoke0(Native Method) ~[na:na]
	at java.base/jdk.internal.reflect.NativeMethodAccessorImpl.invoke(NativeMethodAccessorImpl.java:77) ~[na:na]
	at java.base/jdk.internal.reflect.DelegatingMethodAccessorImpl.invoke(DelegatingMethodAccessorImpl.java:43) ~[na:na]
	at java.base/java.lang.reflect.Method.invoke(Method.java:568) ~[na:na]
	at org.springframework.scheduling.support.ScheduledMethodRunnable.run(ScheduledMethodRunnable.java:84) ~[spring-context-5.3.23.jar:5.3.23]
	at org.springframework.scheduling.support.DelegatingErrorHandlingRunnable.run(DelegatingErrorHandlingRunnable.java:54) ~[spring-context-5.3.23.jar:5.3.23]
	at org.springframework.scheduling.concurrent.ReschedulingRunnable.run(ReschedulingRunnable.java:95) ~[spring-context-5.3.23.jar:5.3.23]
	at java.base/java.util.concurrent.Executors$RunnableAdapter.call(Executors.java:539) ~[na:na]
	at java.base/java.util.concurrent.FutureTask.run(FutureTask.java:264) ~[na:na]
	at java.base/java.util.concurrent.ScheduledThreadPoolExecutor$ScheduledFutureTask.run(ScheduledThreadPoolExecutor.java:304) ~[na:na]
	at java.base/java.util.concurrent.ThreadPoolExecutor.runWorker(ThreadPoolExecutor.java:1136) ~[na:na]
	at java.base/java.util.concurrent.ThreadPoolExecutor$Worker.run(ThreadPoolExecutor.java:635) ~[na:na]
	at java.base/java.lang.Thread.run(Thread.java:833) ~[na:na]
Caused by: java.net.SocketException: Network is unreachable: no further information
	at java.base/sun.nio.ch.Net.pollConnect(Native Method) ~[na:na]
	at java.base/sun.nio.ch.Net.pollConnectNow(Net.java:672) ~[na:na]
	at java.base/sun.nio.ch.NioSocketImpl.timedFinishConnect(NioSocketImpl.java:542) ~[na:na]
	at java.base/sun.nio.ch.NioSocketImpl.connect(NioSocketImpl.java:597) ~[na:na]
	at java.base/java.net.Socket.connect(Socket.java:633) ~[na:na]
	at java.base/sun.net.NetworkClient.doConnect(NetworkClient.java:178) ~[na:na]
	at java.base/sun.net.www.http.HttpClient.openServer(HttpClient.java:532) ~[na:na]
	at java.base/sun.net.www.http.HttpClient.openServer(HttpClient.java:637) ~[na:na]
	at java.base/sun.net.www.http.HttpClient.<init>(HttpClient.java:280) ~[na:na]
	at java.base/sun.net.www.http.HttpClient.New(HttpClient.java:385) ~[na:na]
	at java.base/sun.net.www.http.HttpClient.New(HttpClient.java:407) ~[na:na]
	at java.base/sun.net.www.protocol.http.HttpURLConnection.getNewHttpClient(HttpURLConnection.java:1309) ~[na:na]
	at java.base/sun.net.www.protocol.http.HttpURLConnection.plainConnect0(HttpURLConnection.java:1287) ~[na:na]
	at java.base/sun.net.www.protocol.http.HttpURLConnection.plainConnect(HttpURLConnection.java:1128) ~[na:na]
	at java.base/sun.net.www.protocol.http.HttpURLConnection.connect(HttpURLConnection.java:1057) ~[na:na]
	at com.amazonaws.internal.ConnectionUtils.connectToEndpoint(ConnectionUtils.java:95) ~[aws-java-sdk-core-1.12.341.jar:na]
	at com.amazonaws.internal.EC2ResourceFetcher.doReadResource(EC2ResourceFetcher.java:80) ~[aws-java-sdk-core-1.12.341.jar:na]
	... 42 common frames omitted

2022-12-07 19:32:18.525  WARN 316 --- [scheduling-1] i.InstanceMetadataServiceResourceFetcher : Fail to retrieve token 

com.amazonaws.SdkClientException: Failed to connect to service endpoint: 
	at com.amazonaws.internal.EC2ResourceFetcher.doReadResource(EC2ResourceFetcher.java:100) ~[aws-java-sdk-core-1.12.341.jar:na]
	at com.amazonaws.internal.InstanceMetadataServiceResourceFetcher.getToken(InstanceMetadataServiceResourceFetcher.java:91) ~[aws-java-sdk-core-1.12.341.jar:na]
	at com.amazonaws.internal.InstanceMetadataServiceResourceFetcher.readResource(InstanceMetadataServiceResourceFetcher.java:69) ~[aws-java-sdk-core-1.12.341.jar:na]
	at com.amazonaws.internal.EC2ResourceFetcher.readResource(EC2ResourceFetcher.java:66) ~[aws-java-sdk-core-1.12.341.jar:na]
	at com.amazonaws.auth.InstanceMetadataServiceCredentialsFetcher.getCredentialsEndpoint(InstanceMetadataServiceCredentialsFetcher.java:60) ~[aws-java-sdk-core-1.12.341.jar:na]
	at com.amazonaws.auth.InstanceMetadataServiceCredentialsFetcher.getCredentialsResponse(InstanceMetadataServiceCredentialsFetcher.java:48) ~[aws-java-sdk-core-1.12.341.jar:na]
	at com.amazonaws.auth.BaseCredentialsFetcher.fetchCredentials(BaseCredentialsFetcher.java:124) ~[aws-java-sdk-core-1.12.341.jar:na]
	at com.amazonaws.auth.BaseCredentialsFetcher.getCredentials(BaseCredentialsFetcher.java:80) ~[aws-java-sdk-core-1.12.341.jar:na]
	at com.amazonaws.auth.InstanceProfileCredentialsProvider.getCredentials(InstanceProfileCredentialsProvider.java:166) ~[aws-java-sdk-core-1.12.341.jar:na]
	at com.amazonaws.auth.EC2ContainerCredentialsProviderWrapper.getCredentials(EC2ContainerCredentialsProviderWrapper.java:75) ~[aws-java-sdk-core-1.12.341.jar:na]
	at com.amazonaws.auth.AWSCredentialsProviderChain.getCredentials(AWSCredentialsProviderChain.java:117) ~[aws-java-sdk-core-1.12.341.jar:na]
	at com.amazonaws.services.s3.S3CredentialsProviderChain.getCredentials(S3CredentialsProviderChain.java:36) ~[aws-java-sdk-s3-1.12.341.jar:na]
	at com.amazonaws.http.AmazonHttpClient$RequestExecutor.getCredentialsFromContext(AmazonHttpClient.java:1269) ~[aws-java-sdk-core-1.12.341.jar:na]
	at com.amazonaws.http.AmazonHttpClient$RequestExecutor.executeOneRequest(AmazonHttpClient.java:1290) ~[aws-java-sdk-core-1.12.341.jar:na]
	at com.amazonaws.http.AmazonHttpClient$RequestExecutor.executeHelper(AmazonHttpClient.java:1157) ~[aws-java-sdk-core-1.12.341.jar:na]
	at com.amazonaws.http.AmazonHttpClient$RequestExecutor.doExecute(AmazonHttpClient.java:814) ~[aws-java-sdk-core-1.12.341.jar:na]
	at com.amazonaws.http.AmazonHttpClient$RequestExecutor.executeWithTimer(AmazonHttpClient.java:781) ~[aws-java-sdk-core-1.12.341.jar:na]
	at com.amazonaws.http.AmazonHttpClient$RequestExecutor.execute(AmazonHttpClient.java:755) ~[aws-java-sdk-core-1.12.341.jar:na]
	at com.amazonaws.http.AmazonHttpClient$RequestExecutor.access$500(AmazonHttpClient.java:715) ~[aws-java-sdk-core-1.12.341.jar:na]
	at com.amazonaws.http.AmazonHttpClient$RequestExecutionBuilderImpl.execute(AmazonHttpClient.java:697) ~[aws-java-sdk-core-1.12.341.jar:na]
	at com.amazonaws.http.AmazonHttpClient.execute(AmazonHttpClient.java:561) ~[aws-java-sdk-core-1.12.341.jar:na]
	at com.amazonaws.http.AmazonHttpClient.execute(AmazonHttpClient.java:541) ~[aws-java-sdk-core-1.12.341.jar:na]
	at com.amazonaws.services.s3.AmazonS3Client.invoke(AmazonS3Client.java:5456) ~[aws-java-sdk-s3-1.12.341.jar:na]
	at com.amazonaws.services.s3.AmazonS3Client.invoke(AmazonS3Client.java:5403) ~[aws-java-sdk-s3-1.12.341.jar:na]
	at com.amazonaws.services.s3.AmazonS3Client.getObject(AmazonS3Client.java:1524) ~[aws-java-sdk-s3-1.12.341.jar:na]
	at com.amazonaws.services.s3.AmazonS3Client.getObject(AmazonS3Client.java:1378) ~[aws-java-sdk-s3-1.12.341.jar:na]
	at com.example.BD.FileRecipientExtractor.extractRecipientsList(FileRecipientExtractor.java:55) ~[main/:na]
	at com.example.BD.FileRecipientExtractor.getCelebratorsList(FileRecipientExtractor.java:69) ~[main/:na]
	at com.example.BD.Manager.generateAndSendToEachRecipient(Manager.java:33) ~[main/:na]
	at com.example.BD.GreetingController.runProgramUsingScheduling(GreetingController.java:36) ~[main/:na]
	at java.base/jdk.internal.reflect.NativeMethodAccessorImpl.invoke0(Native Method) ~[na:na]
	at java.base/jdk.internal.reflect.NativeMethodAccessorImpl.invoke(NativeMethodAccessorImpl.java:77) ~[na:na]
	at java.base/jdk.internal.reflect.DelegatingMethodAccessorImpl.invoke(DelegatingMethodAccessorImpl.java:43) ~[na:na]
	at java.base/java.lang.reflect.Method.invoke(Method.java:568) ~[na:na]
	at org.springframework.scheduling.support.ScheduledMethodRunnable.run(ScheduledMethodRunnable.java:84) ~[spring-context-5.3.23.jar:5.3.23]
	at org.springframework.scheduling.support.DelegatingErrorHandlingRunnable.run(DelegatingErrorHandlingRunnable.java:54) ~[spring-context-5.3.23.jar:5.3.23]
	at org.springframework.scheduling.concurrent.ReschedulingRunnable.run(ReschedulingRunnable.java:95) ~[spring-context-5.3.23.jar:5.3.23]
	at java.base/java.util.concurrent.Executors$RunnableAdapter.call(Executors.java:539) ~[na:na]
	at java.base/java.util.concurrent.FutureTask.run(FutureTask.java:264) ~[na:na]
	at java.base/java.util.concurrent.ScheduledThreadPoolExecutor$ScheduledFutureTask.run(ScheduledThreadPoolExecutor.java:304) ~[na:na]
	at java.base/java.util.concurrent.ThreadPoolExecutor.runWorker(ThreadPoolExecutor.java:1136) ~[na:na]
	at java.base/java.util.concurrent.ThreadPoolExecutor$Worker.run(ThreadPoolExecutor.java:635) ~[na:na]
	at java.base/java.lang.Thread.run(Thread.java:833) ~[na:na]
Caused by: java.net.SocketException: Network is unreachable: no further information
	at java.base/sun.nio.ch.Net.pollConnect(Native Method) ~[na:na]
	at java.base/sun.nio.ch.Net.pollConnectNow(Net.java:672) ~[na:na]
	at java.base/sun.nio.ch.NioSocketImpl.timedFinishConnect(NioSocketImpl.java:542) ~[na:na]
	at java.base/sun.nio.ch.NioSocketImpl.connect(NioSocketImpl.java:597) ~[na:na]
	at java.base/java.net.Socket.connect(Socket.java:633) ~[na:na]
	at java.base/sun.net.NetworkClient.doConnect(NetworkClient.java:178) ~[na:na]
	at java.base/sun.net.www.http.HttpClient.openServer(HttpClient.java:532) ~[na:na]
	at java.base/sun.net.www.http.HttpClient.openServer(HttpClient.java:637) ~[na:na]
	at java.base/sun.net.www.http.HttpClient.<init>(HttpClient.java:280) ~[na:na]
	at java.base/sun.net.www.http.HttpClient.New(HttpClient.java:385) ~[na:na]
	at java.base/sun.net.www.http.HttpClient.New(HttpClient.java:407) ~[na:na]
	at java.base/sun.net.www.protocol.http.HttpURLConnection.getNewHttpClient(HttpURLConnection.java:1309) ~[na:na]
	at java.base/sun.net.www.protocol.http.HttpURLConnection.plainConnect0(HttpURLConnection.java:1287) ~[na:na]
	at java.base/sun.net.www.protocol.http.HttpURLConnection.plainConnect(HttpURLConnection.java:1128) ~[na:na]
	at java.base/sun.net.www.protocol.http.HttpURLConnection.connect(HttpURLConnection.java:1057) ~[na:na]
	at com.amazonaws.internal.ConnectionUtils.connectToEndpoint(ConnectionUtils.java:95) ~[aws-java-sdk-core-1.12.341.jar:na]
	at com.amazonaws.internal.EC2ResourceFetcher.doReadResource(EC2ResourceFetcher.java:80) ~[aws-java-sdk-core-1.12.341.jar:na]
	... 42 common frames omitted

2022-12-07 19:32:18.896 ERROR 316 --- [scheduling-1] com.example.BD.FileRecipientExtractor    : Unable to execute HTTP request: mybdappbucket.s3.eu-central-1.amazonaws.com
2022-12-07 19:32:18.896 ERROR 316 --- [scheduling-1] com.example.BD.Manager                   : Unable to execute HTTP request: mybdappbucket.s3.eu-central-1.amazonaws.com
